0 info it worked if it ends with ok
1 verbose cli [ '/usr/bin/nodejs', '/usr/bin/npm', 'run', 'start:wikiServer' ]
2 info using npm@3.5.2
3 info using node@v4.2.6
4 verbose run-script [ 'prestart:wikiServer',
4 verbose run-script   'start:wikiServer',
4 verbose run-script   'poststart:wikiServer' ]
5 info lifecycle PublicWiki@1.0.0~prestart:wikiServer: PublicWiki@1.0.0
6 silly lifecycle PublicWiki@1.0.0~prestart:wikiServer: no script for prestart:wikiServer, continuing
7 info lifecycle PublicWiki@1.0.0~start:wikiServer: PublicWiki@1.0.0
8 verbose lifecycle PublicWiki@1.0.0~start:wikiServer: unsafe-perm in lifecycle true
9 verbose lifecycle PublicWiki@1.0.0~start:wikiServer: PATH: /usr/share/npm/bin/node-gyp-bin:/root/tiddlywiki/junwiki/node_modules/.bin:/usr/local/sbin:/usr/local/bin:/usr/sbin:/usr/bin:/sbin:/bin:/usr/games:/usr/local/games:/snap/bin
10 verbose lifecycle PublicWiki@1.0.0~start:wikiServer: CWD: /root/tiddlywiki/junwiki
11 silly lifecycle PublicWiki@1.0.0~start:wikiServer: Args: [ '-c', 'node -e "require(\'./scripts/startNodeJSWiki\')()"' ]
12 info lifecycle PublicWiki@1.0.0~start:wikiServer: Failed to exec start:wikiServer script
13 verbose stack Error: PublicWiki@1.0.0 start:wikiServer: `node -e "require('./scripts/startNodeJSWiki')()"`
13 verbose stack spawn ENOENT
13 verbose stack     at ChildProcess.<anonymous> (/usr/share/npm/lib/utils/spawn.js:17:16)
13 verbose stack     at emitTwo (events.js:87:13)
13 verbose stack     at ChildProcess.emit (events.js:172:7)
13 verbose stack     at maybeClose (internal/child_process.js:821:16)
13 verbose stack     at Process.ChildProcess._handle.onexit (internal/child_process.js:211:5)
14 verbose pkgid PublicWiki@1.0.0
15 verbose cwd /root/tiddlywiki/junwiki
16 error Linux 4.4.0-179-generic
17 error argv "/usr/bin/nodejs" "/usr/bin/npm" "run" "start:wikiServer"
18 error node v4.2.6
19 error npm  v3.5.2
20 error file sh
21 error code ELIFECYCLE
22 error errno ENOENT
23 error syscall spawn
24 error PublicWiki@1.0.0 start:wikiServer: `node -e "require('./scripts/startNodeJSWiki')()"`
24 error spawn ENOENT
25 error Failed at the PublicWiki@1.0.0 start:wikiServer script 'node -e "require('./scripts/startNodeJSWiki')()"'.
25 error Make sure you have the latest version of node.js and npm installed.
25 error If you do, this is most likely a problem with the PublicWiki package,
25 error not with npm itself.
25 error Tell the author that this fails on your system:
25 error     node -e "require('./scripts/startNodeJSWiki')()"
25 error You can get information on how to open an issue for this project with:
25 error     npm bugs PublicWiki
25 error Or if that isn't available, you can get their info via:
25 error     npm owner ls PublicWiki
25 error There is likely additional logging output above.
26 verbose exit [ 1, true ]
